Using pre-set license
Built from '2021.3/staging' branch; Version is '2021.3.3f1 (af2e63e8f9bd) revision 11480675'; Using compiler version '192829333'; Build Type 'Release'
OS: 'Windows 11  (10.0.22621) 64bit CoreSingleLanguage' Language: 'en' Physical Memory: 6081 MB
BatchMode: 1, IsHumanControllingUs: 0, StartBugReporterOnCrash: 0, Is64bit: 1, IsPro: 1

COMMAND LINE ARGUMENTS:
C:\Program Files\Unity\Hub\Editor\2021.3.3f1\Editor\Unity.exe
-adb2
-batchMode
-noUpm
-name
AssetImportWorker0
-projectPath
C:/Users/varun/Unity Games/Unity New Era/My project
-logFile
Logs/AssetImportWorker0.log
-srvPort
63599
Successfully changed project path to: C:/Users/varun/Unity Games/Unity New Era/My project
C:/Users/varun/Unity Games/Unity New Era/My project
[UnityMemory] Configuration Parameters - Can be set up in boot.config
    "memorysetup-bucket-allocator-granularity=16"
    "memorysetup-bucket-allocator-bucket-count=8"
    "memorysetup-bucket-allocator-block-size=33554432"
    "memorysetup-bucket-allocator-block-count=8"
    "memorysetup-main-allocator-block-size=16777216"
    "memorysetup-thread-allocator-block-size=16777216"
    "memorysetup-gfx-main-allocator-block-size=16777216"
    "memorysetup-gfx-thread-allocator-block-size=16777216"
    "memorysetup-cache-allocator-block-size=4194304"
    "memorysetup-typetree-allocator-block-size=2097152"
    "memorysetup-profiler-bucket-allocator-granularity=16"
    "memorysetup-profiler-bucket-allocator-bucket-count=8"
    "memorysetup-profiler-bucket-allocator-block-size=33554432"
    "memorysetup-profiler-bucket-allocator-block-count=8"
    "memorysetup-profiler-allocator-block-size=16777216"
    "memorysetup-profiler-editor-allocator-block-size=1048576"
    "memorysetup-temp-allocator-size-main=16777216"
    "memorysetup-job-temp-allocator-block-size=2097152"
    "memorysetup-job-temp-allocator-block-size-background=1048576"
    "memorysetup-job-temp-allocator-reduction-small-platforms=262144"
    "memorysetup-temp-allocator-size-background-worker=32768"
    "memorysetup-temp-allocator-size-job-worker=262144"
    "memorysetup-temp-allocator-size-preload-manager=33554432"
    "memorysetup-temp-allocator-size-nav-mesh-worker=65536"
    "memorysetup-temp-allocator-size-audio-worker=65536"
    "memorysetup-temp-allocator-size-cloud-worker=32768"
    "memorysetup-temp-allocator-size-gi-baking-worker=262144"
    "memorysetup-temp-allocator-size-gfx=262144"
Refreshing native plugins compatible for Editor in 265.09 ms, found 3 plugins.
Preloading 0 native plugins for Editor in 0.00 ms.
Initialize engine version: 2021.3.3f1 (af2e63e8f9bd)
[Subsystems] Discovering subsystems at path C:/Program Files/Unity/Hub/Editor/2021.3.3f1/Editor/Data/Resources/UnitySubsystems
[Subsystems] Discovering subsystems at path C:/Users/varun/Unity Games/Unity New Era/My project/Assets
GfxDevice: creating device client; threaded=0; jobified=0
Direct3D:
    Version:  Direct3D 11.0 [level 11.1]
    Renderer: AMD Radeon(TM) Vega 8 Graphics (ID=0x15d8)
    Vendor:   ATI
    VRAM:     3040 MB
    Driver:   27.20.11030.11001
Initialize mono
Mono path[0] = 'C:/Program Files/Unity/Hub/Editor/2021.3.3f1/Editor/Data/Managed'
Mono path[1] = 'C:/Program Files/Unity/Hub/Editor/2021.3.3f1/Editor/Data/MonoBleedingEdge/lib/mono/unityjit-win32'
Mono config path = 'C:/Program Files/Unity/Hub/Editor/2021.3.3f1/Editor/Data/MonoBleedingEdge/etc'
Using monoOptions --debugger-agent=transport=dt_socket,embedding=1,server=y,suspend=n,address=127.0.0.1:56672
Begin MonoManager ReloadAssembly
Registering precompiled unity dll's ...
Register platform support module: C:/Program Files/Unity/Hub/Editor/2021.3.3f1/Editor/Data/PlaybackEngines/WebGLSupport/UnityEditor.WebGL.Extensions.dll
Register platform support module: C:/Program Files/Unity/Hub/Editor/2021.3.3f1/Editor/Data/PlaybackEngines/AndroidPlayer/UnityEditor.Android.Extensions.dll
Register platform support module: C:/Program Files/Unity/Hub/Editor/2021.3.3f1/Editor/Data/PlaybackEngines/WindowsStandaloneSupport/UnityEditor.WindowsStandalone.Extensions.dll
Registered in 0.023259 seconds.
Native extension for WindowsStandalone target not found
Native extension for Android target not found
Native extension for WebGL target not found
Refreshing native plugins compatible for Editor in 201.04 ms, found 3 plugins.
Preloading 0 native plugins for Editor in 0.00 ms.
Mono: successfully reloaded assembly
- Completed reload, in  2.145 seconds
Domain Reload Profiling:
	ReloadAssembly (2147ms)
		BeginReloadAssembly (439ms)
			ExecutionOrderSort (0ms)
			DisableScriptedObjects (0ms)
			BackupInstance (0ms)
			ReleaseScriptingObjects (0ms)
			CreateAndSetChildDomain (2ms)
		EndReloadAssembly (1384ms)
			LoadAssemblies (428ms)
			RebuildTransferFunctionScriptingTraits (0ms)
			SetupTypeCache (278ms)
			ReleaseScriptCaches (0ms)
			RebuildScriptCaches (93ms)
			SetupLoadedEditorAssemblies (851ms)
				LogAssemblyErrors (0ms)
				InitializePlatformSupportModulesInManaged (183ms)
				SetLoadedEditorAssemblies (1ms)
				RefreshPlugins (201ms)
				BeforeProcessingInitializeOnLoad (6ms)
				ProcessInitializeOnLoadAttributes (266ms)
				ProcessInitializeOnLoadMethodAttributes (193ms)
				AfterProcessingInitializeOnLoad (0ms)
				EditorAssembliesLoaded (0ms)
			ExecutionOrderSort2 (0ms)
			AwakeInstancesAfterBackupRestoration (0ms)
Platform modules already initialized, skipping
Registering precompiled user dll's ...
Registered in 0.026036 seconds.
Begin MonoManager ReloadAssembly
Symbol file LoadedFromMemory doesn't match image C:\Users\varun\Unity Games\Unity New Era\My project\Library\PackageCache\com.unity.visualscripting@1.7.6\Editor\VisualScripting.Core\Dependencies\YamlDotNet\Unity.VisualScripting.YamlDotNet.dll
Symbol file LoadedFromMemory doesn't match image C:\Users\varun\Unity Games\Unity New Era\My project\Library\PackageCache\com.unity.visualscripting@1.7.6\Editor\VisualScripting.Core\Dependencies\DotNetZip\Unity.VisualScripting.IonicZip.dll
Native extension for WindowsStandalone target not found
Native extension for Android target not found
Native extension for WebGL target not found
Refreshing native plugins compatible for Editor in 2.08 ms, found 3 plugins.
Preloading 0 native plugins for Editor in 0.00 ms.
Mono: successfully reloaded assembly
- Completed reload, in  3.144 seconds
Domain Reload Profiling:
	ReloadAssembly (3147ms)
		BeginReloadAssembly (423ms)
			ExecutionOrderSort (0ms)
			DisableScriptedObjects (18ms)
			BackupInstance (0ms)
			ReleaseScriptingObjects (0ms)
			CreateAndSetChildDomain (154ms)
		EndReloadAssembly (2387ms)
			LoadAssemblies (342ms)
			RebuildTransferFunctionScriptingTraits (0ms)
			SetupTypeCache (722ms)
			ReleaseScriptCaches (2ms)
			RebuildScriptCaches (156ms)
			SetupLoadedEditorAssemblies (1032ms)
				LogAssemblyErrors (0ms)
				InitializePlatformSupportModulesInManaged (61ms)
				SetLoadedEditorAssemblies (2ms)
				RefreshPlugins (2ms)
				BeforeProcessingInitializeOnLoad (220ms)
				ProcessInitializeOnLoadAttributes (631ms)
				ProcessInitializeOnLoadMethodAttributes (89ms)
				AfterProcessingInitializeOnLoad (26ms)
				EditorAssembliesLoaded (1ms)
			ExecutionOrderSort2 (0ms)
			AwakeInstancesAfterBackupRestoration (31ms)
Platform modules already initialized, skipping
========================================================================
Worker process is ready to serve import requests
Launched and connected shader compiler UnityShaderCompiler.exe after 0.16 seconds
Refreshing native plugins compatible for Editor in 2.11 ms, found 3 plugins.
Preloading 0 native plugins for Editor in 0.00 ms.
Unloading 3360 Unused Serialized files (Serialized files now loaded: 0)
Unloading 26 unused Assets / (112.5 KB). Loaded Objects now: 3833.
Memory consumption went from 127.7 MB to 127.6 MB.
Total: 10.569100 ms (FindLiveObjects: 1.894200 ms CreateObjectMapping: 1.140500 ms MarkObjects: 7.251800 ms  DeleteObjects: 0.279100 ms)

AssetImportParameters requested are different than current active one (requested -> active):
  custom:video-decoder-ogg-theora: a1e56fd34408186e4bbccfd4996cb3dc -> 
  custom:container-muxer-webm: aa71ff27fc2769a1b78a27578f13a17b -> 
  custom:container-demuxer-webm: 4f35f7cbe854078d1ac9338744f61a02 -> 
  custom:video-encoder-webm-vp8: eb34c28f22e8b96e1ab97ce403110664 -> 
  custom:audio-encoder-webm-vorbis: bf7c407c2cedff20999df2af8eb42d56 -> 
  custom:framework-win-MediaFoundation: 216162199b28c13a410421893ffa2e32 -> 
  custom:container-demuxer-ogg: 62fdf1f143b41e24485cea50d1cbac27 -> 
  custom:video-decoder-webm-vp8: 9c59270c3fd7afecdb556c50c9e8de78 -> 
  custom:audio-decoder-ogg-vorbis: bf7c407c2cedff20999df2af8eb42d56 -> 
========================================================================
Received Import Request.
  Time since last request: 15192.209055 seconds.
  path: Assets
  artifactKey: Guid(00000000000000001000000000000000) Importer(815301076,1909f56bfc062723c751e8b465ee728b)
Start importing Assets using Guid(00000000000000001000000000000000) Importer(815301076,1909f56bfc062723c751e8b465ee728b)  -> (artifact id: '79842766b460edbeab6a34051e857a80') in 0.069594 seconds 
========================================================================
Received Prepare
Registering precompiled user dll's ...
Registered in 0.104439 seconds.
Begin MonoManager ReloadAssembly
Symbol file LoadedFromMemory doesn't match image C:\Users\varun\Unity Games\Unity New Era\My project\Library\PackageCache\com.unity.visualscripting@1.7.6\Editor\VisualScripting.Core\Dependencies\YamlDotNet\Unity.VisualScripting.YamlDotNet.dll
Symbol file LoadedFromMemory doesn't match image C:\Users\varun\Unity Games\Unity New Era\My project\Library\PackageCache\com.unity.visualscripting@1.7.6\Editor\VisualScripting.Core\Dependencies\DotNetZip\Unity.VisualScripting.IonicZip.dll
Native extension for WindowsStandalone target not found
Native extension for Android target not found
Native extension for WebGL target not found
Refreshing native plugins compatible for Editor in 2.15 ms, found 3 plugins.
Preloading 0 native plugins for Editor in 0.00 ms.
Mono: successfully reloaded assembly
- Completed reload, in  2.556 seconds
Domain Reload Profiling:
	ReloadAssembly (2558ms)
		BeginReloadAssembly (376ms)
			ExecutionOrderSort (0ms)
			DisableScriptedObjects (15ms)
			BackupInstance (0ms)
			ReleaseScriptingObjects (0ms)
			CreateAndSetChildDomain (90ms)
		EndReloadAssembly (1931ms)
			LoadAssemblies (319ms)
			RebuildTransferFunctionScriptingTraits (0ms)
			SetupTypeCache (644ms)
			ReleaseScriptCaches (4ms)
			RebuildScriptCaches (91ms)
			SetupLoadedEditorAssemblies (854ms)
				LogAssemblyErrors (0ms)
				InitializePlatformSupportModulesInManaged (63ms)
				SetLoadedEditorAssemblies (2ms)
				RefreshPlugins (2ms)
				BeforeProcessingInitializeOnLoad (179ms)
				ProcessInitializeOnLoadAttributes (500ms)
				ProcessInitializeOnLoadMethodAttributes (88ms)
				AfterProcessingInitializeOnLoad (19ms)
				EditorAssembliesLoaded (0ms)
			ExecutionOrderSort2 (0ms)
			AwakeInstancesAfterBackupRestoration (13ms)
Platform modules already initialized, skipping
Refreshing native plugins compatible for Editor in 6.30 ms, found 3 plugins.
Preloading 0 native plugins for Editor in 0.00 ms.
Unloading 3362 Unused Serialized files (Serialized files now loaded: 0)
Unloading 19 unused Assets / (79.6 KB). Loaded Objects now: 3843.
Memory consumption went from 127.9 MB to 127.8 MB.
Total: 8.859300 ms (FindLiveObjects: 0.607200 ms CreateObjectMapping: 0.148600 ms MarkObjects: 7.705100 ms  DeleteObjects: 0.394900 ms)

AssetImportParameters requested are different than current active one (requested -> active):
  custom:video-decoder-ogg-theora: a1e56fd34408186e4bbccfd4996cb3dc -> 
  custom:container-muxer-webm: aa71ff27fc2769a1b78a27578f13a17b -> 
  custom:container-demuxer-webm: 4f35f7cbe854078d1ac9338744f61a02 -> 
  custom:video-encoder-webm-vp8: eb34c28f22e8b96e1ab97ce403110664 -> 
  custom:audio-encoder-webm-vorbis: bf7c407c2cedff20999df2af8eb42d56 -> 
  custom:framework-win-MediaFoundation: 216162199b28c13a410421893ffa2e32 -> 
  custom:container-demuxer-ogg: 62fdf1f143b41e24485cea50d1cbac27 -> 
  custom:video-decoder-webm-vp8: 9c59270c3fd7afecdb556c50c9e8de78 -> 
  custom:audio-decoder-ogg-vorbis: bf7c407c2cedff20999df2af8eb42d56 -> 
========================================================================
Received Import Request.
  Time since last request: 379.890494 seconds.
  path: Assets/Supercyan Free Forest Sample/Scenes/MoodyNight/LightingData.asset
  artifactKey: Guid(83359cfa09ec3a8409e5abf8de7fa62d) Importer(815301076,1909f56bfc062723c751e8b465ee728b)
Start importing Assets/Supercyan Free Forest Sample/Scenes/MoodyNight/LightingData.asset using Guid(83359cfa09ec3a8409e5abf8de7fa62d) Importer(815301076,1909f56bfc062723c751e8b465ee728b) Lighting data asset ‘LightingData’ is incompatible with the current Unity version because the scene it was baked for was not serialized. Please use Generate Lighting to rebuild the lighting data, or assign the target scene to the Lighting Data Asset in the inspector.
 -> (artifact id: '486b5b6d8f2ff559898b35c1369130cd') in 0.140075 seconds 
========================================================================
Received Import Request.
  Time since last request: 4.951312 seconds.
  path: Assets/Supercyan Free Forest Sample/Scenes/MoodyNight/ReflectionProbe-0.exr
  artifactKey: Guid(6db35459fed979449864b7408ce3c087) Importer(815301076,1909f56bfc062723c751e8b465ee728b)
Start importing Assets/Supercyan Free Forest Sample/Scenes/MoodyNight/ReflectionProbe-0.exr using Guid(6db35459fed979449864b7408ce3c087) Importer(815301076,1909f56bfc062723c751e8b465ee728b)  -> (artifact id: 'e61a92971e47dcdc0b1855563456bb4c') in 0.258255 seconds 
========================================================================
Received Import Request.
  Time since last request: 4.196463 seconds.
  path: Assets/Scenes
  artifactKey: Guid(6ea315d0fd7389c41b19996891e99ae3) Importer(815301076,1909f56bfc062723c751e8b465ee728b)
Start importing Assets/Scenes using Guid(6ea315d0fd7389c41b19996891e99ae3) Importer(815301076,1909f56bfc062723c751e8b465ee728b)  -> (artifact id: 'b8193726cff86800c54781cdc6d54904') in 0.044484 seconds 
========================================================================
Received Import Request.
  Time since last request: 0.486750 seconds.
  path: Assets/SUPER Character Controller
  artifactKey: Guid(c84b995166dc282498ca01b62e15c2d4) Importer(815301076,1909f56bfc062723c751e8b465ee728b)
Start importing Assets/SUPER Character Controller using Guid(c84b995166dc282498ca01b62e15c2d4) Importer(815301076,1909f56bfc062723c751e8b465ee728b)  -> (artifact id: 'b6174d8440925ea5937fc796571cd242') in 0.077790 seconds 
========================================================================
Received Import Request.
  Time since last request: 1.803927 seconds.
  path: Assets/SUPER Character Controller/SUPER Character Controller
  artifactKey: Guid(8d1387651d13d99458cf22d77372efb6) Importer(815301076,1909f56bfc062723c751e8b465ee728b)
Start importing Assets/SUPER Character Controller/SUPER Character Controller using Guid(8d1387651d13d99458cf22d77372efb6) Importer(815301076,1909f56bfc062723c751e8b465ee728b)  -> (artifact id: 'a53eed202837374f644808c3bf45486f') in 0.012507 seconds 
========================================================================
Received Import Request.
  Time since last request: 0.071970 seconds.
  path: Assets/SUPER Character Controller/SUPER Character Controller/Super First Person Controller.prefab
  artifactKey: Guid(32fce1012f8c24c43af86f00f457f500) Importer(815301076,1909f56bfc062723c751e8b465ee728b)
Start importing Assets/SUPER Character Controller/SUPER Character Controller/Super First Person Controller.prefab using Guid(32fce1012f8c24c43af86f00f457f500) Importer(815301076,1909f56bfc062723c751e8b465ee728b)  -> (artifact id: 'd352a34f2738901582ae8c4d576e6cf6') in 0.065366 seconds 
========================================================================
Received Prepare
Registering precompiled user dll's ...
Registered in 0.023304 seconds.
Begin MonoManager ReloadAssembly
Symbol file LoadedFromMemory doesn't match image C:\Users\varun\Unity Games\Unity New Era\My project\Library\PackageCache\com.unity.visualscripting@1.7.6\Editor\VisualScripting.Core\Dependencies\YamlDotNet\Unity.VisualScripting.YamlDotNet.dll
Symbol file LoadedFromMemory doesn't match image C:\Users\varun\Unity Games\Unity New Era\My project\Library\PackageCache\com.unity.visualscripting@1.7.6\Editor\VisualScripting.Core\Dependencies\DotNetZip\Unity.VisualScripting.IonicZip.dll
Native extension for WindowsStandalone target not found
Native extension for Android target not found
Native extension for WebGL target not found
Refreshing native plugins compatible for Editor in 3.00 ms, found 3 plugins.
Preloading 0 native plugins for Editor in 0.00 ms.
Mono: successfully reloaded assembly
- Completed reload, in  3.321 seconds
Domain Reload Profiling:
	ReloadAssembly (3323ms)
		BeginReloadAssembly (532ms)
			ExecutionOrderSort (0ms)
			DisableScriptedObjects (14ms)
			BackupInstance (0ms)
			ReleaseScriptingObjects (0ms)
			CreateAndSetChildDomain (194ms)
		EndReloadAssembly (2470ms)
			LoadAssemblies (368ms)
			RebuildTransferFunctionScriptingTraits (0ms)
			SetupTypeCache (860ms)
			ReleaseScriptCaches (5ms)
			RebuildScriptCaches (123ms)
			SetupLoadedEditorAssemblies (1029ms)
				LogAssemblyErrors (0ms)
				InitializePlatformSupportModulesInManaged (70ms)
				SetLoadedEditorAssemblies (1ms)
				RefreshPlugins (3ms)
				BeforeProcessingInitializeOnLoad (192ms)
				ProcessInitializeOnLoadAttributes (651ms)
				ProcessInitializeOnLoadMethodAttributes (85ms)
				AfterProcessingInitializeOnLoad (26ms)
				EditorAssembliesLoaded (0ms)
			ExecutionOrderSort2 (0ms)
			AwakeInstancesAfterBackupRestoration (18ms)
Platform modules already initialized, skipping
Refreshing native plugins compatible for Editor in 4.54 ms, found 3 plugins.
Preloading 0 native plugins for Editor in 0.00 ms.
Unloading 3364 Unused Serialized files (Serialized files now loaded: 0)
Unloading 21 unused Assets / (0.8 MB). Loaded Objects now: 3877.
Memory consumption went from 133.4 MB to 132.7 MB.
Total: 9.767000 ms (FindLiveObjects: 0.701300 ms CreateObjectMapping: 0.267400 ms MarkObjects: 7.858800 ms  DeleteObjects: 0.936000 ms)

AssetImportParameters requested are different than current active one (requested -> active):
  custom:video-decoder-ogg-theora: a1e56fd34408186e4bbccfd4996cb3dc -> 
  custom:container-muxer-webm: aa71ff27fc2769a1b78a27578f13a17b -> 
  custom:container-demuxer-webm: 4f35f7cbe854078d1ac9338744f61a02 -> 
  custom:video-encoder-webm-vp8: eb34c28f22e8b96e1ab97ce403110664 -> 
  custom:audio-encoder-webm-vorbis: bf7c407c2cedff20999df2af8eb42d56 -> 
  custom:framework-win-MediaFoundation: 216162199b28c13a410421893ffa2e32 -> 
  custom:container-demuxer-ogg: 62fdf1f143b41e24485cea50d1cbac27 -> 
  custom:video-decoder-webm-vp8: 9c59270c3fd7afecdb556c50c9e8de78 -> 
  custom:audio-decoder-ogg-vorbis: bf7c407c2cedff20999df2af8eb42d56 -> 
========================================================================
Received Import Request.
  Time since last request: 93.140017 seconds.
  path: Assets/SUPER Character Controller/SUPER Character Controller/SUPERCharacterAIO.cs
  artifactKey: Guid(8acb2371b9f0ce3429e7935fa5efe263) Importer(815301076,1909f56bfc062723c751e8b465ee728b)
Start importing Assets/SUPER Character Controller/SUPER Character Controller/SUPERCharacterAIO.cs using Guid(8acb2371b9f0ce3429e7935fa5efe263) Importer(815301076,1909f56bfc062723c751e8b465ee728b)  -> (artifact id: '12e813d83793b588ad25951986646934') in 0.096891 seconds 
========================================================================
Received Import Request.
  Time since last request: 16.290764 seconds.
  path: Assets/SUPER Character Controller/SUPER Character Controller/SUPER Character Documentation and Reference.pdf
  artifactKey: Guid(e4116852d7c8d0f4481168bdbfed3637) Importer(815301076,1909f56bfc062723c751e8b465ee728b)
Start importing Assets/SUPER Character Controller/SUPER Character Controller/SUPER Character Documentation and Reference.pdf using Guid(e4116852d7c8d0f4481168bdbfed3637) Importer(815301076,1909f56bfc062723c751e8b465ee728b)  -> (artifact id: '2cfc1097e3b70e68889f64a5963a7f55') in 0.075438 seconds 
========================================================================
Received Import Request.
  Time since last request: 2.803602 seconds.
  path: Assets/SUPER Character Controller/SUPER Character Controller/Sounds
  artifactKey: Guid(9c7c2cdb1190dfc489783f821363db50) Importer(815301076,1909f56bfc062723c751e8b465ee728b)
Start importing Assets/SUPER Character Controller/SUPER Character Controller/Sounds using Guid(9c7c2cdb1190dfc489783f821363db50) Importer(815301076,1909f56bfc062723c751e8b465ee728b)  -> (artifact id: 'aad404d9a0addb72e7f3b67227523460') in 0.035517 seconds 
========================================================================
Received Import Request.
  Time since last request: 1.777151 seconds.
  path: Assets/SUPER Character Controller/SUPER Character Controller/Sounds/Footsteps
  artifactKey: Guid(000f90e0e5395774e93a33014ebc9082) Importer(815301076,1909f56bfc062723c751e8b465ee728b)
Start importing Assets/SUPER Character Controller/SUPER Character Controller/Sounds/Footsteps using Guid(000f90e0e5395774e93a33014ebc9082) Importer(815301076,1909f56bfc062723c751e8b465ee728b)  -> (artifact id: 'd6843b661f0c3b747774340ed374f78b') in 0.031195 seconds 
========================================================================
Received Import Request.
  Time since last request: 3.210988 seconds.
  path: Assets/SUPER Character Controller/SUPER Character Controller/Sounds/Footsteps/Grass
  artifactKey: Guid(74c86798615bcb243afdc329a00c860f) Importer(815301076,1909f56bfc062723c751e8b465ee728b)
Start importing Assets/SUPER Character Controller/SUPER Character Controller/Sounds/Footsteps/Grass using Guid(74c86798615bcb243afdc329a00c860f) Importer(815301076,1909f56bfc062723c751e8b465ee728b)  -> (artifact id: '4805ff55cabba5296f2f87c7cd0c148f') in 0.043429 seconds 
========================================================================
Received Import Request.
  Time since last request: 0.036303 seconds.
  path: Assets/SUPER Character Controller/SUPER Character Controller/Sounds/Footsteps/Grass/Grass.001.wav
  artifactKey: Guid(e70c5fa5ed6b97f41aa555d63ca56d42) Importer(815301076,1909f56bfc062723c751e8b465ee728b)
Start importing Assets/SUPER Character Controller/SUPER Character Controller/Sounds/Footsteps/Grass/Grass.001.wav using Guid(e70c5fa5ed6b97f41aa555d63ca56d42) Importer(815301076,1909f56bfc062723c751e8b465ee728b)  -> (artifact id: '907954152f9ff7b0f8a3b9cb67663c41') in 0.312552 seconds 
========================================================================
Received Import Request.
  Time since last request: 0.000074 seconds.
  path: Assets/SUPER Character Controller/SUPER Character Controller/Sounds/Footsteps/Grass/Grass.007.wav
  artifactKey: Guid(0533ad72641beb64c84742701ea7fcd4) Importer(815301076,1909f56bfc062723c751e8b465ee728b)
Start importing Assets/SUPER Character Controller/SUPER Character Controller/Sounds/Footsteps/Grass/Grass.007.wav using Guid(0533ad72641beb64c84742701ea7fcd4) Importer(815301076,1909f56bfc062723c751e8b465ee728b)  -> (artifact id: 'fcb4ea8cb85d359efa0d95328b32a77e') in 0.061775 seconds 
========================================================================
Received Import Request.
  Time since last request: 0.000097 seconds.
  path: Assets/SUPER Character Controller/SUPER Character Controller/Sounds/Footsteps/Grass/Grass.008.wav
  artifactKey: Guid(37aa905a30faf0d45a213f924449a6fb) Importer(815301076,1909f56bfc062723c751e8b465ee728b)
Start importing Assets/SUPER Character Controller/SUPER Character Controller/Sounds/Footsteps/Grass/Grass.008.wav using Guid(37aa905a30faf0d45a213f924449a6fb) Importer(815301076,1909f56bfc062723c751e8b465ee728b)  -> (artifact id: '8f76e61c284bc2a10d017ffdc975f5a0') in 0.058063 seconds 
========================================================================
Received Import Request.
  Time since last request: 0.000063 seconds.
  path: Assets/SUPER Character Controller/SUPER Character Controller/Sounds/Footsteps/Grass/Grass.006.wav
  artifactKey: Guid(76909016e12b7b4469602526ddc6a164) Importer(815301076,1909f56bfc062723c751e8b465ee728b)
Start importing Assets/SUPER Character Controller/SUPER Character Controller/Sounds/Footsteps/Grass/Grass.006.wav using Guid(76909016e12b7b4469602526ddc6a164) Importer(815301076,1909f56bfc062723c751e8b465ee728b)  -> (artifact id: 'e9398d2a732403c9e48c766b4ddf1749') in 0.074257 seconds 
========================================================================
Received Import Request.
  Time since last request: 0.000072 seconds.
  path: Assets/SUPER Character Controller/SUPER Character Controller/Sounds/Footsteps/Grass/Grass.010.wav
  artifactKey: Guid(e899671e45e608e4db37f6d6701c35ba) Importer(815301076,1909f56bfc062723c751e8b465ee728b)
Start importing Assets/SUPER Character Controller/SUPER Character Controller/Sounds/Footsteps/Grass/Grass.010.wav using Guid(e899671e45e608e4db37f6d6701c35ba) Importer(815301076,1909f56bfc062723c751e8b465ee728b)  -> (artifact id: '806d14b57f4791f9398b5196e6bd0416') in 0.085790 seconds 
========================================================================
Received Import Request.
  Time since last request: 0.000117 seconds.
  path: Assets/SUPER Character Controller/SUPER Character Controller/Sounds/Footsteps/Grass/Grass.003.wav
  artifactKey: Guid(41b975e693999f942b5755a8f054c4ce) Importer(815301076,1909f56bfc062723c751e8b465ee728b)
Start importing Assets/SUPER Character Controller/SUPER Character Controller/Sounds/Footsteps/Grass/Grass.003.wav using Guid(41b975e693999f942b5755a8f054c4ce) Importer(815301076,1909f56bfc062723c751e8b465ee728b)  -> (artifact id: 'a2ce594ad45124ff20c8bac930c40f2f') in 0.054848 seconds 
========================================================================
Received Import Request.
  Time since last request: 216.375830 seconds.
  path: Assets/SUPER Character Controller/Demo Assets/Materials/Structural/Wood_Cut.mat
  artifactKey: Guid(206a974e7acb88a44bf27b76a19b7cc6) Importer(815301076,1909f56bfc062723c751e8b465ee728b)
Start importing Assets/SUPER Character Controller/Demo Assets/Materials/Structural/Wood_Cut.mat using Guid(206a974e7acb88a44bf27b76a19b7cc6) Importer(815301076,1909f56bfc062723c751e8b465ee728b)  -> (artifact id: '32f98f6f4e35ed3ac373262b9c37a31e') in 0.530349 seconds 
========================================================================
Received Import Request.
  Time since last request: 1.087613 seconds.
  path: Assets/SUPER Character Controller/Demo Assets/Materials/Structural/Water.mat
  artifactKey: Guid(cb0d6b85d53d9b0438c35df1855bf629) Importer(815301076,1909f56bfc062723c751e8b465ee728b)
Start importing Assets/SUPER Character Controller/Demo Assets/Materials/Structural/Water.mat using Guid(cb0d6b85d53d9b0438c35df1855bf629) Importer(815301076,1909f56bfc062723c751e8b465ee728b)  -> (artifact id: 'e4fd4c55dee1d190722b608b728ec8b5') in 0.632525 seconds 
========================================================================
Received Import Request.
  Time since last request: 0.000039 seconds.
  path: Assets/SUPER Character Controller/Demo Assets/Materials/Structural/Stone.mat
  artifactKey: Guid(6288f6a01fdd9d940a89aab35e44b729) Importer(815301076,1909f56bfc062723c751e8b465ee728b)
Start importing Assets/SUPER Character Controller/Demo Assets/Materials/Structural/Stone.mat using Guid(6288f6a01fdd9d940a89aab35e44b729) Importer(815301076,1909f56bfc062723c751e8b465ee728b)  -> (artifact id: '6226215dddf21484c3d866e52f95851e') in 0.070069 seconds 
========================================================================
Received Import Request.
  Time since last request: 0.000054 seconds.
  path: Assets/SUPER Character Controller/Demo Assets/Materials/Structural/Slate.mat
  artifactKey: Guid(985ca1f1c0515b24ca425677351d3438) Importer(815301076,1909f56bfc062723c751e8b465ee728b)
Start importing Assets/SUPER Character Controller/Demo Assets/Materials/Structural/Slate.mat using Guid(985ca1f1c0515b24ca425677351d3438) Importer(815301076,1909f56bfc062723c751e8b465ee728b)  -> (artifact id: 'e7674bc60fa8746861e9bfe0b3682674') in 0.471641 seconds 
========================================================================
Received Import Request.
  Time since last request: 0.000199 seconds.
  path: Assets/SUPER Character Controller/Demo Assets/Materials/Structural/Sand.mat
  artifactKey: Guid(1672ef0e80aae2342a8ea28ee63cefac) Importer(815301076,1909f56bfc062723c751e8b465ee728b)
Start importing Assets/SUPER Character Controller/Demo Assets/Materials/Structural/Sand.mat using Guid(1672ef0e80aae2342a8ea28ee63cefac) Importer(815301076,1909f56bfc062723c751e8b465ee728b)  -> (artifact id: '472ca8d01c462df75f3424d1bc9563bb') in 0.056239 seconds 
========================================================================
Received Import Request.
  Time since last request: 0.000050 seconds.
  path: Assets/SUPER Character Controller/Demo Assets/Materials/Structural/Red Wood.mat
  artifactKey: Guid(a32f87ace6a78a3479485b4d65e317e0) Importer(815301076,1909f56bfc062723c751e8b465ee728b)
Start importing Assets/SUPER Character Controller/Demo Assets/Materials/Structural/Red Wood.mat using Guid(a32f87ace6a78a3479485b4d65e317e0) Importer(815301076,1909f56bfc062723c751e8b465ee728b)  -> (artifact id: '70044587165c07313c64e037e0bdf839') in 0.436513 seconds 
========================================================================
Received Import Request.
  Time since last request: 0.000065 seconds.
  path: Assets/SUPER Character Controller/Demo Assets/Materials/Structural/Tile.mat
  artifactKey: Guid(c1f088e7677c57641b1c948cf3e26104) Importer(815301076,1909f56bfc062723c751e8b465ee728b)
Start importing Assets/SUPER Character Controller/Demo Assets/Materials/Structural/Tile.mat using Guid(c1f088e7677c57641b1c948cf3e26104) Importer(815301076,1909f56bfc062723c751e8b465ee728b)  -> (artifact id: 'cf586bdb5c9a784af6bc7696fe54b8aa') in 0.048175 seconds 
========================================================================
Received Import Request.
  Time since last request: 0.000072 seconds.
  path: Assets/SUPER Character Controller/Demo Assets/Materials/Structural/Universal Props Toon.mat
  artifactKey: Guid(b2a8cad88ac1a62498bf41cd51a62530) Importer(815301076,1909f56bfc062723c751e8b465ee728b)
Start importing Assets/SUPER Character Controller/Demo Assets/Materials/Structural/Universal Props Toon.mat using Guid(b2a8cad88ac1a62498bf41cd51a62530) Importer(815301076,1909f56bfc062723c751e8b465ee728b)  -> (artifact id: '0c9872a0357131fd22150e5d5455a4dc') in 0.406363 seconds 
========================================================================
Received Prepare
Registering precompiled user dll's ...
Registered in 0.034456 seconds.
Begin MonoManager ReloadAssembly
Symbol file LoadedFromMemory doesn't match image C:\Users\varun\Unity Games\Unity New Era\My project\Library\PackageCache\com.unity.visualscripting@1.7.6\Editor\VisualScripting.Core\Dependencies\YamlDotNet\Unity.VisualScripting.YamlDotNet.dll
Symbol file LoadedFromMemory doesn't match image C:\Users\varun\Unity Games\Unity New Era\My project\Library\PackageCache\com.unity.visualscripting@1.7.6\Editor\VisualScripting.Core\Dependencies\DotNetZip\Unity.VisualScripting.IonicZip.dll
Native extension for WindowsStandalone target not found
Native extension for Android target not found
Native extension for WebGL target not found
Refreshing native plugins compatible for Editor in 3.09 ms, found 3 plugins.
Preloading 0 native plugins for Editor in 0.00 ms.
Mono: successfully reloaded assembly
- Completed reload, in  3.347 seconds
Domain Reload Profiling:
	ReloadAssembly (3350ms)
		BeginReloadAssembly (658ms)
			ExecutionOrderSort (0ms)
			DisableScriptedObjects (14ms)
			BackupInstance (0ms)
			ReleaseScriptingObjects (0ms)
			CreateAndSetChildDomain (123ms)
		EndReloadAssembly (2305ms)
			LoadAssemblies (623ms)
			RebuildTransferFunctionScriptingTraits (0ms)
			SetupTypeCache (780ms)
			ReleaseScriptCaches (3ms)
			RebuildScriptCaches (138ms)
			SetupLoadedEditorAssemblies (904ms)
				LogAssemblyErrors (0ms)
				InitializePlatformSupportModulesInManaged (68ms)
				SetLoadedEditorAssemblies (1ms)
				RefreshPlugins (3ms)
				BeforeProcessingInitializeOnLoad (194ms)
				ProcessInitializeOnLoadAttributes (543ms)
				ProcessInitializeOnLoadMethodAttributes (75ms)
				AfterProcessingInitializeOnLoad (19ms)
				EditorAssembliesLoaded (0ms)
			ExecutionOrderSort2 (0ms)
			AwakeInstancesAfterBackupRestoration (14ms)
Platform modules already initialized, skipping
Refreshing native plugins compatible for Editor in 5.36 ms, found 3 plugins.
Preloading 0 native plugins for Editor in 0.00 ms.
Unloading 3365 Unused Serialized files (Serialized files now loaded: 0)
Unloading 21 unused Assets / (0.8 MB). Loaded Objects now: 3893.
Memory consumption went from 133.7 MB to 132.9 MB.
Total: 9.344200 ms (FindLiveObjects: 0.742700 ms CreateObjectMapping: 0.551300 ms MarkObjects: 7.185700 ms  DeleteObjects: 0.861600 ms)

AssetImportParameters requested are different than current active one (requested -> active):
  custom:video-decoder-ogg-theora: a1e56fd34408186e4bbccfd4996cb3dc -> 
  custom:container-muxer-webm: aa71ff27fc2769a1b78a27578f13a17b -> 
  custom:container-demuxer-webm: 4f35f7cbe854078d1ac9338744f61a02 -> 
  custom:video-encoder-webm-vp8: eb34c28f22e8b96e1ab97ce403110664 -> 
  custom:audio-encoder-webm-vorbis: bf7c407c2cedff20999df2af8eb42d56 -> 
  custom:framework-win-MediaFoundation: 216162199b28c13a410421893ffa2e32 -> 
  custom:container-demuxer-ogg: 62fdf1f143b41e24485cea50d1cbac27 -> 
  custom:video-decoder-webm-vp8: 9c59270c3fd7afecdb556c50c9e8de78 -> 
  custom:audio-decoder-ogg-vorbis: bf7c407c2cedff20999df2af8eb42d56 -> 
========================================================================
Received Import Request.
  Time since last request: 371.162196 seconds.
  path: Assets/8K Skybox Pack Free
  artifactKey: Guid(b03a4675b521fe4459cee828afc3eb4d) Importer(815301076,1909f56bfc062723c751e8b465ee728b)
Start importing Assets/8K Skybox Pack Free using Guid(b03a4675b521fe4459cee828afc3eb4d) Importer(815301076,1909f56bfc062723c751e8b465ee728b)  -> (artifact id: '3a472439b323c711f4dcee04b1cba506') in 0.044568 seconds 
========================================================================
Received Import Request.
  Time since last request: 2.332912 seconds.
  path: Assets/8K Skybox Pack Free/Skyboxes
  artifactKey: Guid(34d05b5f2938c1243b17c3f8c2e5937d) Importer(815301076,1909f56bfc062723c751e8b465ee728b)
Start importing Assets/8K Skybox Pack Free/Skyboxes using Guid(34d05b5f2938c1243b17c3f8c2e5937d) Importer(815301076,1909f56bfc062723c751e8b465ee728b)  -> (artifact id: '11c9cc2c9eba1b797a8660834fd94245') in 0.031010 seconds 
========================================================================
Received Import Request.
  Time since last request: 1.341236 seconds.
  path: Assets/8K Skybox Pack Free/Skyboxes/Texture
  artifactKey: Guid(d6e7d52c81183664ebabf8a33dc61b47) Importer(815301076,1909f56bfc062723c751e8b465ee728b)
Start importing Assets/8K Skybox Pack Free/Skyboxes/Texture using Guid(d6e7d52c81183664ebabf8a33dc61b47) Importer(815301076,1909f56bfc062723c751e8b465ee728b)  -> (artifact id: '5ac21fcc266c149fa6e53032d88ab69c') in 0.027926 seconds 
========================================================================
Received Import Request.
  Time since last request: 0.033485 seconds.
  path: Assets/8K Skybox Pack Free/Skyboxes/Texture/sky-1.png
  artifactKey: Guid(2288e023d12a740468d683a2c1ebddc8) Importer(815301076,1909f56bfc062723c751e8b465ee728b)
Start importing Assets/8K Skybox Pack Free/Skyboxes/Texture/sky-1.png using Guid(2288e023d12a740468d683a2c1ebddc8) Importer(815301076,1909f56bfc062723c751e8b465ee728b)  -> (artifact id: 'e967d83d9c4197645e9c24563372f7ef') in 1.373221 seconds 
========================================================================
Received Import Request.
  Time since last request: 0.000077 seconds.
  path: Assets/8K Skybox Pack Free/Skyboxes/Texture/sky-8.png
  artifactKey: Guid(c902ec8c76a899044a8cb1fddfb1dc39) Importer(815301076,1909f56bfc062723c751e8b465ee728b)
Start importing Assets/8K Skybox Pack Free/Skyboxes/Texture/sky-8.png using Guid(c902ec8c76a899044a8cb1fddfb1dc39) Importer(815301076,1909f56bfc062723c751e8b465ee728b)  -> (artifact id: '9b0ef10330fde33b48758edec991ebf0') in 1.147700 seconds 
========================================================================
Received Import Request.
  Time since last request: 0.000111 seconds.
  path: Assets/8K Skybox Pack Free/Skyboxes/Texture/sky-5.png
  artifactKey: Guid(100fa8e1632686d4197cf0ade5e18678) Importer(815301076,1909f56bfc062723c751e8b465ee728b)
Start importing Assets/8K Skybox Pack Free/Skyboxes/Texture/sky-5.png using Guid(100fa8e1632686d4197cf0ade5e18678) Importer(815301076,1909f56bfc062723c751e8b465ee728b)  -> (artifact id: 'f16a1d5db4df83d95195674109ab72b8') in 1.157244 seconds 
========================================================================
Received Import Request.
  Time since last request: 0.000131 seconds.
  path: Assets/8K Skybox Pack Free/Skyboxes/Texture/sky-7.png
  artifactKey: Guid(c7446ec5690a9ae4190faeaae79086b3) Importer(815301076,1909f56bfc062723c751e8b465ee728b)
Start importing Assets/8K Skybox Pack Free/Skyboxes/Texture/sky-7.png using Guid(c7446ec5690a9ae4190faeaae79086b3) Importer(815301076,1909f56bfc062723c751e8b465ee728b)  -> (artifact id: '84bbb76a7f4f38a0e0f79bc9c056b08b') in 1.152561 seconds 
========================================================================
Received Import Request.
  Time since last request: 0.000086 seconds.
  path: Assets/8K Skybox Pack Free/Skyboxes/Texture/sky-3.png
  artifactKey: Guid(7f5779140d6e64f44a7940b41f49ba81) Importer(815301076,1909f56bfc062723c751e8b465ee728b)
Start importing Assets/8K Skybox Pack Free/Skyboxes/Texture/sky-3.png using Guid(7f5779140d6e64f44a7940b41f49ba81) Importer(815301076,1909f56bfc062723c751e8b465ee728b)  -> (artifact id: '008e57f423e31d026587a81c68297ff0') in 1.175457 seconds 
========================================================================
Received Import Request.
  Time since last request: 0.000086 seconds.
  path: Assets/8K Skybox Pack Free/Skyboxes/Texture/sky-6.png
  artifactKey: Guid(22f0efbf93ea81b49bce3ac5f1488041) Importer(815301076,1909f56bfc062723c751e8b465ee728b)
Start importing Assets/8K Skybox Pack Free/Skyboxes/Texture/sky-6.png using Guid(22f0efbf93ea81b49bce3ac5f1488041) Importer(815301076,1909f56bfc062723c751e8b465ee728b)  -> (artifact id: '79928d116b5b8d62eda9100525213c71') in 1.219298 seconds 
========================================================================
Received Import Request.
  Time since last request: 5.288174 seconds.
  path: Assets/8K Skybox Pack Free/Skyboxes/Material/sky-12.mat
  artifactKey: Guid(356decb03293f22498cb5565d128c9da) Importer(815301076,1909f56bfc062723c751e8b465ee728b)
Start importing Assets/8K Skybox Pack Free/Skyboxes/Material/sky-12.mat using Guid(356decb03293f22498cb5565d128c9da) Importer(815301076,1909f56bfc062723c751e8b465ee728b)  -> (artifact id: '68dffc408d5c061f8416d0585bfbde6e') in 0.310407 seconds 
========================================================================
Received Import Request.
  Time since last request: 0.000093 seconds.
  path: Assets/8K Skybox Pack Free/Skyboxes/Material/sky-6.mat
  artifactKey: Guid(b87cacf51931a5841b5931a664fd0730) Importer(815301076,1909f56bfc062723c751e8b465ee728b)
Start importing Assets/8K Skybox Pack Free/Skyboxes/Material/sky-6.mat using Guid(b87cacf51931a5841b5931a664fd0730) Importer(815301076,1909f56bfc062723c751e8b465ee728b)  -> (artifact id: 'dd00325d97c862690b7c194f9defc668') in 0.197716 seconds 
========================================================================
Received Import Request.
  Time since last request: 0.000098 seconds.
  path: Assets/8K Skybox Pack Free/Skyboxes/Material/sky-5.mat
  artifactKey: Guid(03389866351d19a47adc95c57d054097) Importer(815301076,1909f56bfc062723c751e8b465ee728b)
Start importing Assets/8K Skybox Pack Free/Skyboxes/Material/sky-5.mat using Guid(03389866351d19a47adc95c57d054097) Importer(815301076,1909f56bfc062723c751e8b465ee728b)  -> (artifact id: '7051be4e6873e3dd8152c18ce6e0ff94') in 0.165764 seconds 
========================================================================
Received Import Request.
  Time since last request: 0.000080 seconds.
  path: Assets/8K Skybox Pack Free/Skyboxes/Material/sky-2.mat
  artifactKey: Guid(9b7ca251e8646c54db0a77ae2021bf9b) Importer(815301076,1909f56bfc062723c751e8b465ee728b)
Start importing Assets/8K Skybox Pack Free/Skyboxes/Material/sky-2.mat using Guid(9b7ca251e8646c54db0a77ae2021bf9b) Importer(815301076,1909f56bfc062723c751e8b465ee728b)  -> (artifact id: 'b3a43e5c587a723e417389e763f04225') in 0.170679 seconds 
========================================================================
Received Import Request.
  Time since last request: 0.000152 seconds.
  path: Assets/8K Skybox Pack Free/Skyboxes/Material/sky-3.mat
  artifactKey: Guid(23002981675cee84bbbebf0794b85ea2) Importer(815301076,1909f56bfc062723c751e8b465ee728b)
Start importing Assets/8K Skybox Pack Free/Skyboxes/Material/sky-3.mat using Guid(23002981675cee84bbbebf0794b85ea2) Importer(815301076,1909f56bfc062723c751e8b465ee728b)  -> (artifact id: '61379d1af3ca1545927874743ba83857') in 0.180804 seconds 
========================================================================
Received Import Request.
  Time since last request: 0.000109 seconds.
  path: Assets/8K Skybox Pack Free/Skyboxes/Material/sky-7.mat
  artifactKey: Guid(5336727d7be32404c9ac396789142e1c) Importer(815301076,1909f56bfc062723c751e8b465ee728b)
Start importing Assets/8K Skybox Pack Free/Skyboxes/Material/sky-7.mat using Guid(5336727d7be32404c9ac396789142e1c) Importer(815301076,1909f56bfc062723c751e8b465ee728b)  -> (artifact id: '9caa35c07b9e45e0048602fe547fea64') in 0.191563 seconds 
========================================================================
Received Import Request.
  Time since last request: 626.718331 seconds.
  path: Assets/Supercyan Free Forest Sample
  artifactKey: Guid(3a314171c59f49949ab42219016bed97) Importer(815301076,1909f56bfc062723c751e8b465ee728b)
Start importing Assets/Supercyan Free Forest Sample using Guid(3a314171c59f49949ab42219016bed97) Importer(815301076,1909f56bfc062723c751e8b465ee728b)  -> (artifact id: '9da06a90d58e30603436f780a70cf50a') in 0.044966 seconds 
========================================================================
Received Import Request.
  Time since last request: 2.477463 seconds.
  path: Assets/Supercyan Free Forest Sample/Prefabs
  artifactKey: Guid(eff4a63e5fb72db4094c7dce6e6ae0ef) Importer(815301076,1909f56bfc062723c751e8b465ee728b)
Start importing Assets/Supercyan Free Forest Sample/Prefabs using Guid(eff4a63e5fb72db4094c7dce6e6ae0ef) Importer(815301076,1909f56bfc062723c751e8b465ee728b)  -> (artifact id: 'fbb6c795c91391d82d4c8e5eba10163b') in 0.022640 seconds 
========================================================================
Received Import Request.
  Time since last request: 1.552403 seconds.
  path: Assets/Supercyan Free Forest Sample/Prefabs/High Quality
  artifactKey: Guid(74f42c695c784cd43a543aad32fc5741) Importer(815301076,1909f56bfc062723c751e8b465ee728b)
Start importing Assets/Supercyan Free Forest Sample/Prefabs/High Quality using Guid(74f42c695c784cd43a543aad32fc5741) Importer(815301076,1909f56bfc062723c751e8b465ee728b)  -> (artifact id: 'be9849892bf75d0ed3321777c04dfc21') in 0.023389 seconds 
========================================================================
Received Import Request.
  Time since last request: 0.715619 seconds.
  path: Assets/Supercyan Free Forest Sample/Prefabs/Mobile
  artifactKey: Guid(ea064462ce028fc4ea92a414ff4da291) Importer(815301076,1909f56bfc062723c751e8b465ee728b)
Start importing Assets/Supercyan Free Forest Sample/Prefabs/Mobile using Guid(ea064462ce028fc4ea92a414ff4da291) Importer(815301076,1909f56bfc062723c751e8b465ee728b)  -> (artifact id: 'ed7f65706563eef1cec0fc68b4b27d16') in 0.020914 seconds 
========================================================================
Received Import Request.
  Time since last request: 4.544781 seconds.
  path: Assets/Supercyan Free Forest Sample/Prefabs/High Quality/Tree
  artifactKey: Guid(57f65195529b5b64480538f989880efa) Importer(815301076,1909f56bfc062723c751e8b465ee728b)
Start importing Assets/Supercyan Free Forest Sample/Prefabs/High Quality/Tree using Guid(57f65195529b5b64480538f989880efa) Importer(815301076,1909f56bfc062723c751e8b465ee728b)  -> (artifact id: '703d30f0dab2966e4584e25750017ab6') in 0.022207 seconds 
========================================================================
Received Import Request.
  Time since last request: 12.583177 seconds.
  path: Assets/Supercyan Free Forest Sample/Prefabs/High Quality/Tree/Treestump
  artifactKey: Guid(c28f8b49b5fa1f84ba53d8a75703ecd0) Importer(815301076,1909f56bfc062723c751e8b465ee728b)
Start importing Assets/Supercyan Free Forest Sample/Prefabs/High Quality/Tree/Treestump using Guid(c28f8b49b5fa1f84ba53d8a75703ecd0) Importer(815301076,1909f56bfc062723c751e8b465ee728b)  -> (artifact id: 'a3fde82b1acfee665facd25f6c8fbb4c') in 0.026370 seconds 
========================================================================
Received Import Request.
  Time since last request: 0.066181 seconds.
  path: Assets/Supercyan Free Forest Sample/Prefabs/High Quality/Tree/Treestump/forestpack_tree_stump_1.prefab
  artifactKey: Guid(91d4800e505e7de4dae44d7a3a9cbd1d) Importer(815301076,1909f56bfc062723c751e8b465ee728b)
Start importing Assets/Supercyan Free Forest Sample/Prefabs/High Quality/Tree/Treestump/forestpack_tree_stump_1.prefab using Guid(91d4800e505e7de4dae44d7a3a9cbd1d) Importer(815301076,1909f56bfc062723c751e8b465ee728b)  -> (artifact id: 'fc0c316a6ff311bb559825a5b277bbb6') in 0.552561 seconds 
========================================================================
Received Prepare
Registering precompiled user dll's ...
Registered in 0.052150 seconds.
Begin MonoManager ReloadAssembly
Symbol file LoadedFromMemory doesn't match image C:\Users\varun\Unity Games\Unity New Era\My project\Library\PackageCache\com.unity.visualscripting@1.7.6\Editor\VisualScripting.Core\Dependencies\YamlDotNet\Unity.VisualScripting.YamlDotNet.dll
Symbol file LoadedFromMemory doesn't match image C:\Users\varun\Unity Games\Unity New Era\My project\Library\PackageCache\com.unity.visualscripting@1.7.6\Editor\VisualScripting.Core\Dependencies\DotNetZip\Unity.VisualScripting.IonicZip.dll
Native extension for WindowsStandalone target not found
Native extension for Android target not found
Native extension for WebGL target not found
Refreshing native plugins compatible for Editor in 2.22 ms, found 3 plugins.
Preloading 0 native plugins for Editor in 0.00 ms.
[ScriptCompilation] NOT recompiling all scripts because this is an import worker process. Reason to compile was: Define symbols changed
Mono: successfully reloaded assembly
- Completed reload, in  4.427 seconds
Domain Reload Profiling:
	ReloadAssembly (4438ms)
		BeginReloadAssembly (1445ms)
			ExecutionOrderSort (0ms)
			DisableScriptedObjects (135ms)
			BackupInstance (0ms)
			ReleaseScriptingObjects (1ms)
			CreateAndSetChildDomain (361ms)
		EndReloadAssembly (2549ms)
			LoadAssemblies (404ms)
			RebuildTransferFunctionScriptingTraits (1ms)
			SetupTypeCache (913ms)
			ReleaseScriptCaches (7ms)
			RebuildScriptCaches (125ms)
			SetupLoadedEditorAssemblies (1054ms)
				LogAssemblyErrors (0ms)
				InitializePlatformSupportModulesInManaged (76ms)
				SetLoadedEditorAssemblies (3ms)
				RefreshPlugins (2ms)
				BeforeProcessingInitializeOnLoad (174ms)
				ProcessInitializeOnLoadAttributes (686ms)
				ProcessInitializeOnLoadMethodAttributes (91ms)
				AfterProcessingInitializeOnLoad (21ms)
				EditorAssembliesLoaded (1ms)
			ExecutionOrderSort2 (0ms)
			AwakeInstancesAfterBackupRestoration (18ms)
Platform modules already initialized, skipping
Refreshing native plugins compatible for Editor in 6.16 ms, found 3 plugins.
Preloading 0 native plugins for Editor in 0.00 ms.
Unloading 3498 Unused Serialized files (Serialized files now loaded: 0)
Unloading 59 unused Assets / (3.7 MB). Loaded Objects now: 3992.
Memory consumption went from 146.2 MB to 142.5 MB.
Total: 18.993900 ms (FindLiveObjects: 1.014300 ms CreateObjectMapping: 0.509800 ms MarkObjects: 13.988100 ms  DeleteObjects: 3.477600 ms)

AssetImportParameters requested are different than current active one (requested -> active):
  custom:video-decoder-ogg-theora: a1e56fd34408186e4bbccfd4996cb3dc -> 
  custom:container-muxer-webm: aa71ff27fc2769a1b78a27578f13a17b -> 
  custom:container-demuxer-webm: 4f35f7cbe854078d1ac9338744f61a02 -> 
  custom:video-encoder-webm-vp8: eb34c28f22e8b96e1ab97ce403110664 -> 
  custom:audio-encoder-webm-vorbis: bf7c407c2cedff20999df2af8eb42d56 -> 
  custom:framework-win-MediaFoundation: 216162199b28c13a410421893ffa2e32 -> 
  custom:container-demuxer-ogg: 62fdf1f143b41e24485cea50d1cbac27 -> 
  custom:video-decoder-webm-vp8: 9c59270c3fd7afecdb556c50c9e8de78 -> 
  custom:audio-decoder-ogg-vorbis: bf7c407c2cedff20999df2af8eb42d56 -> 
========================================================================
Received Prepare
Registering precompiled user dll's ...
Registered in 0.014726 seconds.
Begin MonoManager ReloadAssembly
Symbol file LoadedFromMemory doesn't match image C:\Users\varun\Unity Games\Unity New Era\My project\Library\PackageCache\com.unity.visualscripting@1.7.6\Editor\VisualScripting.Core\Dependencies\YamlDotNet\Unity.VisualScripting.YamlDotNet.dll
Symbol file LoadedFromMemory doesn't match image C:\Users\varun\Unity Games\Unity New Era\My project\Library\PackageCache\com.unity.visualscripting@1.7.6\Editor\VisualScripting.Core\Dependencies\DotNetZip\Unity.VisualScripting.IonicZip.dll
Native extension for WindowsStandalone target not found
Native extension for Android target not found
Native extension for WebGL target not found
Refreshing native plugins compatible for Editor in 1.72 ms, found 3 plugins.
Preloading 0 native plugins for Editor in 0.00 ms.
Mono: successfully reloaded assembly
- Completed reload, in  2.313 seconds
Domain Reload Profiling:
	ReloadAssembly (2315ms)
		BeginReloadAssembly (295ms)
			ExecutionOrderSort (0ms)
			DisableScriptedObjects (10ms)
			BackupInstance (0ms)
			ReleaseScriptingObjects (0ms)
			CreateAndSetChildDomain (81ms)
		EndReloadAssembly (1802ms)
			LoadAssemblies (200ms)
			RebuildTransferFunctionScriptingTraits (0ms)
			SetupTypeCache (694ms)
			ReleaseScriptCaches (2ms)
			RebuildScriptCaches (79ms)
			SetupLoadedEditorAssemblies (763ms)
				LogAssemblyErrors (0ms)
				InitializePlatformSupportModulesInManaged (83ms)
				SetLoadedEditorAssemblies (1ms)
				RefreshPlugins (3ms)
				BeforeProcessingInitializeOnLoad (242ms)
				ProcessInitializeOnLoadAttributes (376ms)
				ProcessInitializeOnLoadMethodAttributes (46ms)
				AfterProcessingInitializeOnLoad (12ms)
				EditorAssembliesLoaded (0ms)
			ExecutionOrderSort2 (0ms)
			AwakeInstancesAfterBackupRestoration (10ms)
Platform modules already initialized, skipping
Shader 'Retro 3D Shader Pack/Unlit': fallback shader 'Unlit-Normal' not found
Shader 'Retro 3D Shader Pack/Sprite (Unlit)': fallback shader 'Unlit-Normal' not found
Shader 'Retro 3D Shader Pack/Unlit (Transparent)': fallback shader 'Unlit-Normal' not found
Shader 'Retro 3D Shader Pack/Sprite (Unlit)': fallback shader 'Unlit-Normal' not found
Shader 'Retro 3D Shader Pack/Unlit': fallback shader 'Unlit-Normal' not found
Shader 'Retro 3D Shader Pack/Unlit (Transparent)': fallback shader 'Unlit-Normal' not found
Refreshing native plugins compatible for Editor in 4.76 ms, found 3 plugins.
Preloading 0 native plugins for Editor in 0.00 ms.
Unloading 3519 Unused Serialized files (Serialized files now loaded: 0)
Unloading 70 unused Assets / (8.6 MB). Loaded Objects now: 4006.
Memory consumption went from 152.6 MB to 144.0 MB.
Total: 8.358400 ms (FindLiveObjects: 0.556400 ms CreateObjectMapping: 0.526400 ms MarkObjects: 4.533700 ms  DeleteObjects: 2.739400 ms)

AssetImportParameters requested are different than current active one (requested -> active):
  custom:video-decoder-ogg-theora: a1e56fd34408186e4bbccfd4996cb3dc -> 
  custom:container-muxer-webm: aa71ff27fc2769a1b78a27578f13a17b -> 
  custom:container-demuxer-webm: 4f35f7cbe854078d1ac9338744f61a02 -> 
  custom:video-encoder-webm-vp8: eb34c28f22e8b96e1ab97ce403110664 -> 
  custom:audio-encoder-webm-vorbis: bf7c407c2cedff20999df2af8eb42d56 -> 
  custom:framework-win-MediaFoundation: 216162199b28c13a410421893ffa2e32 -> 
  custom:container-demuxer-ogg: 62fdf1f143b41e24485cea50d1cbac27 -> 
  custom:video-decoder-webm-vp8: 9c59270c3fd7afecdb556c50c9e8de78 -> 
  custom:audio-decoder-ogg-vorbis: bf7c407c2cedff20999df2af8eb42d56 -> 
========================================================================
Received Import Request.
  Time since last request: 2596.876030 seconds.
  path: Assets/Retro 3D Shader Pack for Unity
  artifactKey: Guid(c79e198534e2e5e449a4456d667a1407) Importer(815301076,1909f56bfc062723c751e8b465ee728b)
Start importing Assets/Retro 3D Shader Pack for Unity using Guid(c79e198534e2e5e449a4456d667a1407) Importer(815301076,1909f56bfc062723c751e8b465ee728b)  -> (artifact id: 'b7f200dd35987af25c8d3dcc4d50a6bd') in 0.026277 seconds 
========================================================================
Received Import Request.
  Time since last request: 2.310691 seconds.
  path: Assets/Retro 3D Shader Pack for Unity/README.txt
  artifactKey: Guid(94782b2026bc7424db8c6881ff1bf3a8) Importer(815301076,1909f56bfc062723c751e8b465ee728b)
Start importing Assets/Retro 3D Shader Pack for Unity/README.txt using Guid(94782b2026bc7424db8c6881ff1bf3a8) Importer(815301076,1909f56bfc062723c751e8b465ee728b)  -> (artifact id: 'cf0c05a9346a0715187fbb86826b59c9') in 0.061002 seconds 
========================================================================
Received Import Request.
  Time since last request: 1308.720324 seconds.
  path: Assets/Standard Assets/Environment/Water/Water4/Textures/SimpleFoam.png
  artifactKey: Guid(36dd0b22da8874ed38075789055ca664) Importer(815301076,1909f56bfc062723c751e8b465ee728b)
Start importing Assets/Standard Assets/Environment/Water/Water4/Textures/SimpleFoam.png using Guid(36dd0b22da8874ed38075789055ca664) Importer(815301076,1909f56bfc062723c751e8b465ee728b)  -> (artifact id: 'd692ff764e2241576e5baea030f35acd') in 0.700062 seconds 
========================================================================
Received Import Request.
  Time since last request: 0.000267 seconds.
  path: Assets/Standard Assets/Environment/Water/Water4/Prefabs/Water4Simple.prefab
  artifactKey: Guid(843740dbe549a4a6ba9556d1b80001f5) Importer(815301076,1909f56bfc062723c751e8b465ee728b)
Start importing Assets/Standard Assets/Environment/Water/Water4/Prefabs/Water4Simple.prefab using Guid(843740dbe549a4a6ba9556d1b80001f5) Importer(815301076,1909f56bfc062723c751e8b465ee728b)  -> (artifact id: 'da0d530a16a9f67c24197330a2be6d64') in 0.437151 seconds 
========================================================================
Received Import Request.
  Time since last request: 5.220140 seconds.
  path: Assets/Standard Assets/Utility/SimpleActivatorMenu.cs
  artifactKey: Guid(69b69a5b0e0a85b4aa97a7edc40c37d1) Importer(815301076,1909f56bfc062723c751e8b465ee728b)
Start importing Assets/Standard Assets/Utility/SimpleActivatorMenu.cs using Guid(69b69a5b0e0a85b4aa97a7edc40c37d1) Importer(815301076,1909f56bfc062723c751e8b465ee728b)  -> (artifact id: '2dcfae1f654a2996654fdb676b95e96a') in 0.040302 seconds 
========================================================================
Received Prepare
Registering precompiled user dll's ...
Registered in 0.019072 seconds.
Begin MonoManager ReloadAssembly
Symbol file LoadedFromMemory doesn't match image C:\Users\varun\Unity Games\Unity New Era\My project\Library\PackageCache\com.unity.visualscripting@1.7.6\Editor\VisualScripting.Core\Dependencies\YamlDotNet\Unity.VisualScripting.YamlDotNet.dll
Symbol file LoadedFromMemory doesn't match image C:\Users\varun\Unity Games\Unity New Era\My project\Library\PackageCache\com.unity.visualscripting@1.7.6\Editor\VisualScripting.Core\Dependencies\DotNetZip\Unity.VisualScripting.IonicZip.dll
Native extension for WindowsStandalone target not found
Native extension for Android target not found
Native extension for WebGL target not found
Refreshing native plugins compatible for Editor in 2.59 ms, found 3 plugins.
Preloading 0 native plugins for Editor in 0.00 ms.
[ScriptCompilation] NOT recompiling all scripts because this is an import worker process. Reason to compile was: Define symbols changed
Mono: successfully reloaded assembly
- Completed reload, in  4.540 seconds
Domain Reload Profiling:
	ReloadAssembly (4544ms)
		BeginReloadAssembly (1889ms)
			ExecutionOrderSort (0ms)
			DisableScriptedObjects (46ms)
			BackupInstance (0ms)
			ReleaseScriptingObjects (0ms)
			CreateAndSetChildDomain (1276ms)
		EndReloadAssembly (2348ms)
			LoadAssemblies (418ms)
			RebuildTransferFunctionScriptingTraits (1ms)
			SetupTypeCache (895ms)
			ReleaseScriptCaches (7ms)
			RebuildScriptCaches (108ms)
			SetupLoadedEditorAssemblies (922ms)
				LogAssemblyErrors (0ms)
				InitializePlatformSupportModulesInManaged (62ms)
				SetLoadedEditorAssemblies (3ms)
				RefreshPlugins (3ms)
				BeforeProcessingInitializeOnLoad (178ms)
				ProcessInitializeOnLoadAttributes (583ms)
				ProcessInitializeOnLoadMethodAttributes (66ms)
				AfterProcessingInitializeOnLoad (26ms)
				EditorAssembliesLoaded (1ms)
			ExecutionOrderSort2 (0ms)
			AwakeInstancesAfterBackupRestoration (17ms)
Platform modules already initialized, skipping
Shader 'Retro 3D Shader Pack/Unlit': fallback shader 'Unlit-Normal' not found
Shader 'Retro 3D Shader Pack/Sprite (Unlit)': fallback shader 'Unlit-Normal' not found
Shader 'Retro 3D Shader Pack/Unlit (Transparent)': fallback shader 'Unlit-Normal' not found
Shader 'Retro 3D Shader Pack/Unlit': fallback shader 'Unlit-Normal' not found
Shader 'Retro 3D Shader Pack/Unlit (Transparent)': fallback shader 'Unlit-Normal' not found
Shader 'Retro 3D Shader Pack/Sprite (Unlit)': fallback shader 'Unlit-Normal' not found
Refreshing native plugins compatible for Editor in 8.11 ms, found 3 plugins.
Preloading 0 native plugins for Editor in 0.00 ms.
Unloading 3649 Unused Serialized files (Serialized files now loaded: 0)
Unloading 90 unused Assets / (12.6 MB). Loaded Objects now: 4125.
Memory consumption went from 163.3 MB to 150.7 MB.
Total: 27.611900 ms (FindLiveObjects: 0.827900 ms CreateObjectMapping: 0.372600 ms MarkObjects: 15.489800 ms  DeleteObjects: 10.917100 ms)

AssetImportParameters requested are different than current active one (requested -> active):
  custom:video-decoder-ogg-theora: a1e56fd34408186e4bbccfd4996cb3dc -> 
  custom:container-muxer-webm: aa71ff27fc2769a1b78a27578f13a17b -> 
  custom:container-demuxer-webm: 4f35f7cbe854078d1ac9338744f61a02 -> 
  custom:video-encoder-webm-vp8: eb34c28f22e8b96e1ab97ce403110664 -> 
  custom:audio-encoder-webm-vorbis: bf7c407c2cedff20999df2af8eb42d56 -> 
  custom:framework-win-MediaFoundation: 216162199b28c13a410421893ffa2e32 -> 
  custom:container-demuxer-ogg: 62fdf1f143b41e24485cea50d1cbac27 -> 
  custom:video-decoder-webm-vp8: 9c59270c3fd7afecdb556c50c9e8de78 -> 
  custom:audio-decoder-ogg-vorbis: bf7c407c2cedff20999df2af8eb42d56 -> 
========================================================================
Received Import Request.
  Time since last request: 269.398209 seconds.
  path: Assets/Low Poly Free Vegetation Kit
  artifactKey: Guid(2decd98a57203334db22c98ccfc4b8d6) Importer(815301076,1909f56bfc062723c751e8b465ee728b)
Start importing Assets/Low Poly Free Vegetation Kit using Guid(2decd98a57203334db22c98ccfc4b8d6) Importer(815301076,1909f56bfc062723c751e8b465ee728b)  -> (artifact id: 'bc1d89fc8575d89a47404f38d8e03267') in 0.051951 seconds 
========================================================================
Received Import Request.
  Time since last request: 3.003319 seconds.
  path: Assets/Low Poly Free Vegetation Kit/Meshes
  artifactKey: Guid(490be5dcc52958e43ab65270561df11d) Importer(815301076,1909f56bfc062723c751e8b465ee728b)
Start importing Assets/Low Poly Free Vegetation Kit/Meshes using Guid(490be5dcc52958e43ab65270561df11d) Importer(815301076,1909f56bfc062723c751e8b465ee728b)  -> (artifact id: '68dd68b5ddb0995fdfe79c32cbc532a3') in 0.038101 seconds 
========================================================================
Received Import Request.
  Time since last request: 0.053157 seconds.
  path: Assets/Low Poly Free Vegetation Kit/Meshes/Branches.fbx
  artifactKey: Guid(95cc45b7a6c86ed4daa4a2e32f6a0e5e) Importer(815301076,1909f56bfc062723c751e8b465ee728b)
Start importing Assets/Low Poly Free Vegetation Kit/Meshes/Branches.fbx using Guid(95cc45b7a6c86ed4daa4a2e32f6a0e5e) Importer(815301076,1909f56bfc062723c751e8b465ee728b)  -> (artifact id: '4f8f9ce3e482d257f1dcda61f35ca982') in 0.393274 seconds 
========================================================================
Received Import Request.
  Time since last request: 0.000094 seconds.
  path: Assets/Low Poly Free Vegetation Kit/Meshes/Mountain.fbx
  artifactKey: Guid(07f7693a22c302246b83507415e1c01f) Importer(815301076,1909f56bfc062723c751e8b465ee728b)
Start importing Assets/Low Poly Free Vegetation Kit/Meshes/Mountain.fbx using Guid(07f7693a22c302246b83507415e1c01f) Importer(815301076,1909f56bfc062723c751e8b465ee728b)  -> (artifact id: '8491c21aba36695070cf5182fa5ddc6e') in 0.105749 seconds 
========================================================================
Received Import Request.
  Time since last request: 0.000138 seconds.
  path: Assets/Low Poly Free Vegetation Kit/Meshes/Mushrooms.fbx
  artifactKey: Guid(c43f8078a174987439a67ccaab3be883) Importer(815301076,1909f56bfc062723c751e8b465ee728b)
Start importing Assets/Low Poly Free Vegetation Kit/Meshes/Mushrooms.fbx using Guid(c43f8078a174987439a67ccaab3be883) Importer(815301076,1909f56bfc062723c751e8b465ee728b)  -> (artifact id: 'b66e5680eaa5fe17ffbef400dfc160ff') in 0.143143 seconds 
========================================================================
Received Import Request.
  Time since last request: 0.000118 seconds.
  path: Assets/Low Poly Free Vegetation Kit/Meshes/Trees.fbx
  artifactKey: Guid(35d16cd66330b3d478844c42dfc1912a) Importer(815301076,1909f56bfc062723c751e8b465ee728b)
Start importing Assets/Low Poly Free Vegetation Kit/Meshes/Trees.fbx using Guid(35d16cd66330b3d478844c42dfc1912a) Importer(815301076,1909f56bfc062723c751e8b465ee728b)  -> (artifact id: '885d1f1f0f8980aa023be5342424bb34') in 0.891857 seconds 
========================================================================
Received Import Request.
  Time since last request: 0.000126 seconds.
  path: Assets/Low Poly Free Vegetation Kit/Meshes/Grass Patches.fbx
  artifactKey: Guid(5f5482c224678d9429071f111f544d8c) Importer(815301076,1909f56bfc062723c751e8b465ee728b)
Start importing Assets/Low Poly Free Vegetation Kit/Meshes/Grass Patches.fbx using Guid(5f5482c224678d9429071f111f544d8c) Importer(815301076,1909f56bfc062723c751e8b465ee728b)  -> (artifact id: '63d66e68761339921131eddd2ee3f691') in 0.220648 seconds 
========================================================================
Received Import Request.
  Time since last request: 0.000129 seconds.
  path: Assets/Low Poly Free Vegetation Kit/Meshes/Rocks.fbx
  artifactKey: Guid(b028c90d3d17c7849a589391cd891c6c) Importer(815301076,1909f56bfc062723c751e8b465ee728b)
Start importing Assets/Low Poly Free Vegetation Kit/Meshes/Rocks.fbx using Guid(b028c90d3d17c7849a589391cd891c6c) Importer(815301076,1909f56bfc062723c751e8b465ee728b)  -> (artifact id: '66d15b2d520a83903429be76c14a0dbe') in 0.488783 seconds 
========================================================================
Received Import Request.
  Time since last request: 0.000086 seconds.
  path: Assets/Low Poly Free Vegetation Kit/Meshes/Log.fbx
  artifactKey: Guid(2fc4f35c395a8444a8864c11b6d62042) Importer(815301076,1909f56bfc062723c751e8b465ee728b)
Start importing Assets/Low Poly Free Vegetation Kit/Meshes/Log.fbx using Guid(2fc4f35c395a8444a8864c11b6d62042) Importer(815301076,1909f56bfc062723c751e8b465ee728b)  -> (artifact id: '5a6e989035d1f10d01c474b5d894df1a') in 0.075802 seconds 
========================================================================
Received Import Request.
  Time since last request: 0.691783 seconds.
  path: Assets/Low Poly Free Vegetation Kit/Prefabs
  artifactKey: Guid(d4a22d696d01a7249981977642f3bb1a) Importer(815301076,1909f56bfc062723c751e8b465ee728b)
Start importing Assets/Low Poly Free Vegetation Kit/Prefabs using Guid(d4a22d696d01a7249981977642f3bb1a) Importer(815301076,1909f56bfc062723c751e8b465ee728b)  -> (artifact id: '5fac650d64c349f4ac4a977fbdb06f40') in 0.038446 seconds 
========================================================================
Received Import Request.
  Time since last request: 1.693097 seconds.
  path: Assets/Low Poly Free Vegetation Kit/Prefabs/Terrains
  artifactKey: Guid(fd427661ef22ee94bb8df7ea17974fa5) Importer(815301076,1909f56bfc062723c751e8b465ee728b)
Start importing Assets/Low Poly Free Vegetation Kit/Prefabs/Terrains using Guid(fd427661ef22ee94bb8df7ea17974fa5) Importer(815301076,1909f56bfc062723c751e8b465ee728b)  -> (artifact id: '184cf7caa352c85bdc41bcdf3c8fc7c6') in 0.009275 seconds 
========================================================================
Received Import Request.
  Time since last request: 0.056974 seconds.
  path: Assets/Low Poly Free Vegetation Kit/Prefabs/Terrains/Big Terrain 1.prefab
  artifactKey: Guid(021cac7915726eb4c849c3c16ebe90bb) Importer(815301076,1909f56bfc062723c751e8b465ee728b)
Start importing Assets/Low Poly Free Vegetation Kit/Prefabs/Terrains/Big Terrain 1.prefab using Guid(021cac7915726eb4c849c3c16ebe90bb) Importer(815301076,1909f56bfc062723c751e8b465ee728b)  -> (artifact id: '919795ec976d088fa022872063b54529') in 0.055954 seconds 
========================================================================
Received Import Request.
  Time since last request: 0.000077 seconds.
  path: Assets/Low Poly Free Vegetation Kit/Prefabs/Terrains/Terrain 4.prefab
  artifactKey: Guid(95825788e37296d41afedaf1f2acc1b9) Importer(815301076,1909f56bfc062723c751e8b465ee728b)
Start importing Assets/Low Poly Free Vegetation Kit/Prefabs/Terrains/Terrain 4.prefab using Guid(95825788e37296d41afedaf1f2acc1b9) Importer(815301076,1909f56bfc062723c751e8b465ee728b)  -> (artifact id: '6319cf4f2adaf94230f25fe5f9ea1ab1') in 0.074443 seconds 
========================================================================
Received Import Request.
  Time since last request: 0.000158 seconds.
  path: Assets/Low Poly Free Vegetation Kit/Prefabs/Terrains/Water 2.prefab
  artifactKey: Guid(2a4625c7296ca1848bf85307ce47de11) Importer(815301076,1909f56bfc062723c751e8b465ee728b)
Start importing Assets/Low Poly Free Vegetation Kit/Prefabs/Terrains/Water 2.prefab using Guid(2a4625c7296ca1848bf85307ce47de11) Importer(815301076,1909f56bfc062723c751e8b465ee728b)  -> (artifact id: 'befca9d1c6e67a347c22c8387698dbba') in 0.565519 seconds 
========================================================================
Received Import Request.
  Time since last request: 0.000147 seconds.
  path: Assets/Low Poly Free Vegetation Kit/Prefabs/Terrains/Big Terrain 4.prefab
  artifactKey: Guid(043a2d44b6187da49b1d72e5741b841b) Importer(815301076,1909f56bfc062723c751e8b465ee728b)
Start importing Assets/Low Poly Free Vegetation Kit/Prefabs/Terrains/Big Terrain 4.prefab using Guid(043a2d44b6187da49b1d72e5741b841b) Importer(815301076,1909f56bfc062723c751e8b465ee728b)  -> (artifact id: 'ef460f00afa0c080daf566e54558ac5a') in 0.071964 seconds 
========================================================================
Received Import Request.
  Time since last request: 0.000087 seconds.
  path: Assets/Low Poly Free Vegetation Kit/Prefabs/Terrains/Terrain 3.prefab
  artifactKey: Guid(61e47e93992af424aa861db021ff3420) Importer(815301076,1909f56bfc062723c751e8b465ee728b)
Start importing Assets/Low Poly Free Vegetation Kit/Prefabs/Terrains/Terrain 3.prefab using Guid(61e47e93992af424aa861db021ff3420) Importer(815301076,1909f56bfc062723c751e8b465ee728b)  -> (artifact id: '5a38075a44924aad63000eab64dc0a8d') in 0.075563 seconds 
========================================================================
Received Import Request.
  Time since last request: 13.217887 seconds.
  path: Assets/Low Poly Free Vegetation Kit/Materials
  artifactKey: Guid(a21db3b1f6f12454c80b405c29cb4a06) Importer(815301076,1909f56bfc062723c751e8b465ee728b)
Start importing Assets/Low Poly Free Vegetation Kit/Materials using Guid(a21db3b1f6f12454c80b405c29cb4a06) Importer(815301076,1909f56bfc062723c751e8b465ee728b)  -> (artifact id: 'b2eab5f1b9daedd67b993829c3734d3f') in 0.037747 seconds 
========================================================================
Received Import Request.
  Time since last request: 0.043022 seconds.
  path: Assets/Low Poly Free Vegetation Kit/Materials/Color Pallet.mat
  artifactKey: Guid(b725cacc7387b1f4e991c4bdfcd832c8) Importer(815301076,1909f56bfc062723c751e8b465ee728b)
Start importing Assets/Low Poly Free Vegetation Kit/Materials/Color Pallet.mat using Guid(b725cacc7387b1f4e991c4bdfcd832c8) Importer(815301076,1909f56bfc062723c751e8b465ee728b)  -> (artifact id: 'bf14b5a5d79a98da8c02947fb443cc47') in 0.105350 seconds 
========================================================================
Received Import Request.
  Time since last request: 0.000105 seconds.
  path: Assets/Low Poly Free Vegetation Kit/Materials/Plane.mat
  artifactKey: Guid(bf347159a764ca24981a4a8fdde2dcec) Importer(815301076,1909f56bfc062723c751e8b465ee728b)
Start importing Assets/Low Poly Free Vegetation Kit/Materials/Plane.mat using Guid(bf347159a764ca24981a4a8fdde2dcec) Importer(815301076,1909f56bfc062723c751e8b465ee728b)  -> (artifact id: '1268fbf4f152063e5bae0c5b462788f7') in 0.064561 seconds 
========================================================================
Received Import Request.
  Time since last request: 0.000091 seconds.
  path: Assets/Low Poly Free Vegetation Kit/Materials/Water.mat
  artifactKey: Guid(94ea32e4f0f6cab4e98928aadb7d9992) Importer(815301076,1909f56bfc062723c751e8b465ee728b)
Start importing Assets/Low Poly Free Vegetation Kit/Materials/Water.mat using Guid(94ea32e4f0f6cab4e98928aadb7d9992) Importer(815301076,1909f56bfc062723c751e8b465ee728b)  -> (artifact id: '165e9c9bae9c8b8c1de84f5dfdf3e833') in 0.057682 seconds 
========================================================================
Received Import Request.
  Time since last request: 9.461135 seconds.
  path: Assets/Standard Assets/PhysicsMaterials/Bouncy.physicmaterial
  artifactKey: Guid(9f93f63d068b08c459038c40fce897d8) Importer(815301076,1909f56bfc062723c751e8b465ee728b)
Start importing Assets/Standard Assets/PhysicsMaterials/Bouncy.physicmaterial using Guid(9f93f63d068b08c459038c40fce897d8) Importer(815301076,1909f56bfc062723c751e8b465ee728b)  -> (artifact id: '906a2a4d1437eac46bb2cf55936e9255') in 0.046743 seconds 
========================================================================
Received Import Request.
  Time since last request: 0.000073 seconds.
  path: Assets/Standard Assets/PhysicsMaterials/Rubber.physicmaterial
  artifactKey: Guid(52baaeb214519f347a35cf0edfd262ff) Importer(815301076,1909f56bfc062723c751e8b465ee728b)
Start importing Assets/Standard Assets/PhysicsMaterials/Rubber.physicmaterial using Guid(52baaeb214519f347a35cf0edfd262ff) Importer(815301076,1909f56bfc062723c751e8b465ee728b)  -> (artifact id: '2f0e6a37f00b9fa177978adb9c0b06ff') in 0.036242 seconds 
========================================================================
Received Import Request.
  Time since last request: 0.000083 seconds.
  path: Assets/Standard Assets/PhysicsMaterials/ZeroFriction.physicMaterial
  artifactKey: Guid(c2815a7ab32e42c4bb42f59caacb8ec1) Importer(815301076,1909f56bfc062723c751e8b465ee728b)
Start importing Assets/Standard Assets/PhysicsMaterials/ZeroFriction.physicMaterial using Guid(c2815a7ab32e42c4bb42f59caacb8ec1) Importer(815301076,1909f56bfc062723c751e8b465ee728b)  -> (artifact id: '7934cb7041b47ee2eaff1b078e49a699') in 0.039558 seconds 
========================================================================
Received Import Request.
  Time since last request: 0.000106 seconds.
  path: Assets/Standard Assets/PhysicsMaterials/Metal.physicmaterial
  artifactKey: Guid(01571ba68fb2dad46aa03094ab219579) Importer(815301076,1909f56bfc062723c751e8b465ee728b)
Start importing Assets/Standard Assets/PhysicsMaterials/Metal.physicmaterial using Guid(01571ba68fb2dad46aa03094ab219579) Importer(815301076,1909f56bfc062723c751e8b465ee728b)  -> (artifact id: '0a8b567674882b39373672701a8062ae') in 0.031238 seconds 
========================================================================
Received Import Request.
  Time since last request: 16.645834 seconds.
  path: Assets/Supercyan Free Forest Sample/Terrains/DemoTerrain.asset
  artifactKey: Guid(9fd0999bcdb5b874882e73d08ff0d45d) Importer(815301076,1909f56bfc062723c751e8b465ee728b)
Start importing Assets/Supercyan Free Forest Sample/Terrains/DemoTerrain.asset using Guid(9fd0999bcdb5b874882e73d08ff0d45d) Importer(815301076,1909f56bfc062723c751e8b465ee728b)  -> (artifact id: 'f7246910feb7f42f59793d681febb6a6') in 0.568232 seconds 
========================================================================
Received Import Request.
  Time since last request: 697.525669 seconds.
  path: Assets/GrassTerrain.mat
  artifactKey: Guid(aacbcbd9f5ee3cd418ba86092105a870) Importer(815301076,1909f56bfc062723c751e8b465ee728b)
Start importing Assets/GrassTerrain.mat using Guid(aacbcbd9f5ee3cd418ba86092105a870) Importer(815301076,1909f56bfc062723c751e8b465ee728b)  -> (artifact id: '8174c81679e648941ecda3967c9e15b8') in 0.207648 seconds 
========================================================================
Received Import Request.
  Time since last request: 96.393392 seconds.
  path: Assets/Standard Assets/Characters/RollerBall/Materials/RollerBallGrey.mat
  artifactKey: Guid(6fd099d339b4ae34692c8258e4f87531) Importer(815301076,1909f56bfc062723c751e8b465ee728b)
Start importing Assets/Standard Assets/Characters/RollerBall/Materials/RollerBallGrey.mat using Guid(6fd099d339b4ae34692c8258e4f87531) Importer(815301076,1909f56bfc062723c751e8b465ee728b)  -> (artifact id: 'b18d9003388a0c17dcf85c6be598e4a1') in 0.729096 seconds 
========================================================================
Received Import Request.
  Time since last request: 0.000094 seconds.
  path: Assets/Standard Assets/Effects/Projectors/Materials/ShadowProjector.mat
  artifactKey: Guid(e30ff3588e719f34bbf0c66f22d97487) Importer(815301076,1909f56bfc062723c751e8b465ee728b)
Start importing Assets/Standard Assets/Effects/Projectors/Materials/ShadowProjector.mat using Guid(e30ff3588e719f34bbf0c66f22d97487) Importer(815301076,1909f56bfc062723c751e8b465ee728b)  -> (artifact id: '3894e1430cf7ad7952595bd0354fbaa9') in 0.122916 seconds 
========================================================================
Received Import Request.
  Time since last request: 6425.271688 seconds.
  path: Assets/GrassTerrain.mat
  artifactKey: Guid(aacbcbd9f5ee3cd418ba86092105a870) Importer(815301076,1909f56bfc062723c751e8b465ee728b)
Start importing Assets/GrassTerrain.mat using Guid(aacbcbd9f5ee3cd418ba86092105a870) Importer(815301076,1909f56bfc062723c751e8b465ee728b)  -> (artifact id: 'c0ff65c6a629826d0571df2e08f2c70c') in 0.720425 seconds 
